GetIPTS-[Notice] GetIPTS successful, Duration 0.06 seconds
GetIPTS-[Notice] GetIPTS successful, Duration 0.05 seconds
LoadNexus-[Notice] LoadNexus successful, Duration 6.15 seconds
LoadEventNexus-[Notice] LoadEventNexus successful, Duration 2.57 seconds
CreateGroupingWorkspace-[Notice] CreateGroupingWorkspace successful, Duration 0.20 seconds
CreateGroupingWorkspace-[Notice] CreateGroupingWorkspace successful, Duration 0.05 seconds
CreateGroupingWorkspace-[Notice] CreateGroupingWorkspace successful, Duration 0.04 seconds
GroupWorkspaces-[Notice] GroupWorkspaces successful, Duration 0.00 seconds
GetIPTS-[Notice] GetIPTS successful, Duration 0.05 seconds
LoadEventNexus-[Notice] LoadEventNexus successful, Duration 6.61 seconds
NormaliseByCurrent-[Notice] NormaliseByCurrent successful, Duration 0.71 seconds
CompressEvents-[Notice] CompressEvents successful, Duration 2.18 seconds
ApplyDiffCal-[Notice] ApplyDiffCal successful, Duration 0.15 seconds
CloneWorkspace-[Notice] CloneWorkspace successful, Duration 0.65 seconds
ConvertUnits-[Notice] ConvertUnits successful, Duration 0.21 seconds
MaskBins-[Notice] MaskBins successful, Duration 0.13 seconds
MaskBins-[Notice] MaskBins successful, Duration 0.00 seconds
MaskBins-[Notice] MaskBins successful, Duration 0.00 seconds
MaskBins-[Notice] MaskBins successful, Duration 0.00 seconds
MaskBins-[Notice] MaskBins successful, Duration 0.00 seconds
MaskBins-[Notice] MaskBins successful, Duration 0.00 seconds
MaskBins-[Notice] MaskBins successful, Duration 0.00 seconds
MaskBins-[Notice] MaskBins successful, Duration 0.00 seconds
MaskBins-[Notice] MaskBins successful, Duration 0.00 seconds
MaskBins-[Notice] MaskBins successful, Duration 0.00 seconds
MaskBins-[Notice] MaskBins successful, Duration 0.00 seconds
MaskBins-[Notice] MaskBins successful, Duration 0.00 seconds
MaskBins-[Notice] MaskBins successful, Duration 0.00 seconds
MaskBins-[Notice] MaskBins successful, Duration 0.01 seconds
MaskBins-[Notice] MaskBins successful, Duration 0.02 seconds
MaskBins-[Notice] MaskBins successful, Duration 0.02 seconds
MaskBins-[Notice] MaskBins successful, Duration 0.00 seconds
MaskBins-[Notice] MaskBins successful, Duration 0.00 seconds
MaskBins-[Notice] MaskBins successful, Duration 0.00 seconds
MaskBins-[Notice] MaskBins successful, Duration 0.00 seconds
MaskBins-[Notice] MaskBins successful, Duration 0.00 seconds
MaskBins-[Notice] MaskBins successful, Duration 0.00 seconds
MaskBins-[Notice] MaskBins successful, Duration 0.00 seconds
MaskBins-[Notice] MaskBins successful, Duration 0.00 seconds
MaskBins-[Notice] MaskBins successful, Duration 0.02 seconds
MaskBins-[Notice] MaskBins successful, Duration 0.01 seconds
MaskBins-[Notice] MaskBins successful, Duration 0.00 seconds
MaskBins-[Notice] MaskBins successful, Duration 0.01 seconds
MaskBins-[Notice] MaskBins successful, Duration 0.01 seconds
MaskBins-[Notice] MaskBins successful, Duration 0.00 seconds
MaskBins-[Notice] MaskBins successful, Duration 0.00 seconds
MaskBins-[Notice] MaskBins successful, Duration 0.00 seconds
MaskBins-[Notice] MaskBins successful, Duration 0.02 seconds
MaskBins-[Notice] MaskBins successful, Duration 0.00 seconds
MaskBins-[Notice] MaskBins successful, Duration 0.00 seconds
MaskBins-[Notice] MaskBins successful, Duration 0.00 seconds
MaskBins-[Notice] MaskBins successful, Duration 0.00 seconds
MaskBins-[Notice] MaskBins successful, Duration 0.01 seconds
MaskBins-[Notice] MaskBins successful, Duration 0.00 seconds
MaskBins-[Notice] MaskBins successful, Duration 0.00 seconds
MaskBins-[Notice] MaskBins successful, Duration 0.00 seconds
MaskBins-[Notice] MaskBins successful, Duration 0.01 seconds
ConvertUnits-[Notice] ConvertUnits successful, Duration 0.05 seconds
CloneWorkspace-[Notice] CloneWorkspace successful, Duration 0.06 seconds
ConvertUnits-[Notice] ConvertUnits successful, Duration 0.08 seconds
MaskBins-[Notice] MaskBins successful, Duration 0.04 seconds
MaskBins-[Notice] MaskBins successful, Duration 0.00 seconds
MaskBins-[Notice] MaskBins successful, Duration 0.04 seconds
MaskBins-[Notice] MaskBins successful, Duration 0.00 seconds
MaskBins-[Notice] MaskBins successful, Duration 0.01 seconds
MaskBins-[Notice] MaskBins successful, Duration 0.00 seconds
MaskBins-[Notice] MaskBins successful, Duration 0.00 seconds
MaskBins-[Notice] MaskBins successful, Duration 0.00 seconds
MaskBins-[Notice] MaskBins successful, Duration 0.00 seconds
MaskBins-[Notice] MaskBins successful, Duration 0.00 seconds
MaskBins-[Notice] MaskBins successful, Duration 0.01 seconds
MaskBins-[Notice] MaskBins successful, Duration 0.01 seconds
MaskBins-[Notice] MaskBins successful, Duration 0.01 seconds
MaskBins-[Notice] MaskBins successful, Duration 0.00 seconds
MaskBins-[Notice] MaskBins successful, Duration 0.08 seconds
MaskBins-[Notice] MaskBins successful, Duration 0.13 seconds
MaskBins-[Notice] MaskBins successful, Duration 0.02 seconds
MaskBins-[Notice] MaskBins successful, Duration 0.04 seconds
MaskBins-[Notice] MaskBins successful, Duration 0.00 seconds
MaskBins-[Notice] MaskBins successful, Duration 0.01 seconds
MaskBins-[Notice] MaskBins successful, Duration 0.00 seconds
MaskBins-[Notice] MaskBins successful, Duration 0.00 seconds
MaskBins-[Notice] MaskBins successful, Duration 0.00 seconds
MaskBins-[Notice] MaskBins successful, Duration 0.03 seconds
MaskBins-[Notice] MaskBins successful, Duration 0.01 seconds
MaskBins-[Notice] MaskBins successful, Duration 0.01 seconds
MaskBins-[Notice] MaskBins successful, Duration 0.02 seconds
MaskBins-[Notice] MaskBins successful, Duration 0.00 seconds
MaskBins-[Notice] MaskBins successful, Duration 0.00 seconds
MaskBins-[Notice] MaskBins successful, Duration 0.01 seconds
MaskBins-[Notice] MaskBins successful, Duration 0.01 seconds
MaskBins-[Notice] MaskBins successful, Duration 0.01 seconds
MaskBins-[Notice] MaskBins successful, Duration 0.05 seconds
MaskBins-[Notice] MaskBins successful, Duration 0.03 seconds
MaskBins-[Notice] MaskBins successful, Duration 0.02 seconds
MaskBins-[Notice] MaskBins successful, Duration 0.03 seconds
MaskBins-[Notice] MaskBins successful, Duration 0.02 seconds
MaskBins-[Notice] MaskBins successful, Duration 0.00 seconds
MaskBins-[Notice] MaskBins successful, Duration 0.01 seconds
MaskBins-[Notice] MaskBins successful, Duration 0.01 seconds
MaskBins-[Notice] MaskBins successful, Duration 0.00 seconds
MaskBins-[Notice] MaskBins successful, Duration 0.05 seconds
ConvertUnits-[Notice] ConvertUnits successful, Duration 0.04 seconds
ConvertUnits-[Notice] ConvertUnits successful, Duration 0.65 seconds
ConvertUnits-[Notice] ConvertUnits successful, Duration 0.44 seconds
DiffractionFocussing-[Notice] DiffractionFocussing successful, Duration 0.28 seconds
DiffractionFocussing-[Notice] DiffractionFocussing successful, Duration 0.43 seconds
StripPeaks-[Notice] StripPeaks successful, Duration 0.45 seconds
SmoothData-[Notice] SmoothData successful, Duration 0.02 seconds
Divide-[Notice] Divide successful, Duration 0.48 seconds
Rebin-[Notice] Rebin successful, Duration 0.06 seconds
CropWorkspaceRagged-[Notice] CropWorkspaceRagged successful, Duration 0.03 seconds
DiffractionFocussing-[Notice] DiffractionFocussing successful, Duration 0.32 seconds
DiffractionFocussing-[Notice] DiffractionFocussing successful, Duration 0.39 seconds
StripPeaks-[Notice] StripPeaks successful, Duration 0.11 seconds
SmoothData-[Notice] SmoothData successful, Duration 0.02 seconds
Divide-[Notice] Divide successful, Duration 0.50 seconds
Rebin-[Notice] Rebin successful, Duration 0.15 seconds
CropWorkspaceRagged-[Notice] CropWorkspaceRagged successful, Duration 0.07 seconds
DiffractionFocussing-[Notice] DiffractionFocussing successful, Duration 0.56 seconds
DiffractionFocussing-[Notice] DiffractionFocussing successful, Duration 0.48 seconds
StripPeaks-[Notice] StripPeaks successful, Duration 0.07 seconds
SmoothData-[Notice] SmoothData successful, Duration 0.02 seconds
Divide-[Notice] Divide successful, Duration 0.55 seconds
Rebin-[Notice] Rebin successful, Duration 0.12 seconds
CropWorkspaceRagged-[Notice] CropWorkspaceRagged successful, Duration 0.03 seconds
GroupWorkspaces-[Notice] GroupWorkspaces successful, Duration 0.00 seconds
