GetIPTS-[Notice] GetIPTS successful, Duration 0.07 seconds
GetIPTS-[Notice] GetIPTS successful, Duration 0.06 seconds
LoadNexus-[Notice] LoadNexus successful, Duration 17.26 seconds
CreateGroupingWorkspace-[Notice] CreateGroupingWorkspace successful, Duration 2.91 seconds
CreateGroupingWorkspace-[Notice] CreateGroupingWorkspace successful, Duration 2.88 seconds
CreateGroupingWorkspace-[Notice] CreateGroupingWorkspace successful, Duration 2.80 seconds
GroupWorkspaces-[Notice] GroupWorkspaces successful, Duration 0.00 seconds
GetIPTS-[Notice] GetIPTS successful, Duration 0.05 seconds
LoadEventNexus-[Notice] LoadEventNexus successful, Duration 10.84 seconds
NormaliseByCurrent-[Notice] NormaliseByCurrent successful, Duration 2.34 seconds
CompressEvents-[Notice] CompressEvents successful, Duration 3.64 seconds
ApplyDiffCal-[Notice] ApplyDiffCal successful, Duration 5.35 seconds
SumNeighbours-[Notice] SumNeighbours successful, Duration 4.95 seconds
CloneWorkspace-[Notice] CloneWorkspace successful, Duration 0.94 seconds
ConvertUnits-[Notice] ConvertUnits successful, Duration 0.35 seconds
MaskBins-[Notice] MaskBins successful, Duration 0.17 seconds
MaskBins-[Notice] MaskBins successful, Duration 0.00 seconds
MaskBins-[Notice] MaskBins successful, Duration 0.00 seconds
MaskBins-[Notice] MaskBins successful, Duration 0.00 seconds
MaskBins-[Notice] MaskBins successful, Duration 0.00 seconds
MaskBins-[Notice] MaskBins successful, Duration 0.00 seconds
MaskBins-[Notice] MaskBins successful, Duration 0.01 seconds
MaskBins-[Notice] MaskBins successful, Duration 0.01 seconds
MaskBins-[Notice] MaskBins successful, Duration 0.00 seconds
MaskBins-[Notice] MaskBins successful, Duration 0.00 seconds
MaskBins-[Notice] MaskBins successful, Duration 0.00 seconds
MaskBins-[Notice] MaskBins successful, Duration 0.00 seconds
MaskBins-[Notice] MaskBins successful, Duration 0.01 seconds
MaskBins-[Notice] MaskBins successful, Duration 0.01 seconds
MaskBins-[Notice] MaskBins successful, Duration 0.00 seconds
MaskBins-[Notice] MaskBins successful, Duration 0.00 seconds
MaskBins-[Notice] MaskBins successful, Duration 0.00 seconds
MaskBins-[Notice] MaskBins successful, Duration 0.00 seconds
MaskBins-[Notice] MaskBins successful, Duration 0.01 seconds
MaskBins-[Notice] MaskBins successful, Duration 0.00 seconds
MaskBins-[Notice] MaskBins successful, Duration 0.00 seconds
MaskBins-[Notice] MaskBins successful, Duration 0.00 seconds
MaskBins-[Notice] MaskBins successful, Duration 0.01 seconds
MaskBins-[Notice] MaskBins successful, Duration 0.00 seconds
MaskBins-[Notice] MaskBins successful, Duration 0.00 seconds
MaskBins-[Notice] MaskBins successful, Duration 0.01 seconds
MaskBins-[Notice] MaskBins successful, Duration 0.00 seconds
MaskBins-[Notice] MaskBins successful, Duration 0.00 seconds
MaskBins-[Notice] MaskBins successful, Duration 0.00 seconds
MaskBins-[Notice] MaskBins successful, Duration 0.01 seconds
MaskBins-[Notice] MaskBins successful, Duration 0.00 seconds
MaskBins-[Notice] MaskBins successful, Duration 0.00 seconds
MaskBins-[Notice] MaskBins successful, Duration 0.00 seconds
MaskBins-[Notice] MaskBins successful, Duration 0.00 seconds
MaskBins-[Notice] MaskBins successful, Duration 0.00 seconds
MaskBins-[Notice] MaskBins successful, Duration 0.00 seconds
MaskBins-[Notice] MaskBins successful, Duration 0.00 seconds
MaskBins-[Notice] MaskBins successful, Duration 0.00 seconds
MaskBins-[Notice] MaskBins successful, Duration 0.00 seconds
MaskBins-[Notice] MaskBins successful, Duration 0.00 seconds
MaskBins-[Notice] MaskBins successful, Duration 0.00 seconds
MaskBins-[Notice] MaskBins successful, Duration 0.00 seconds
ConvertUnits-[Notice] ConvertUnits successful, Duration 0.04 seconds
CloneWorkspace-[Notice] CloneWorkspace successful, Duration 1.03 seconds
ConvertUnits-[Notice] ConvertUnits successful, Duration 0.19 seconds
MaskBins-[Notice] MaskBins successful, Duration 0.05 seconds
MaskBins-[Notice] MaskBins successful, Duration 0.01 seconds
MaskBins-[Notice] MaskBins successful, Duration 0.06 seconds
MaskBins-[Notice] MaskBins successful, Duration 0.00 seconds
MaskBins-[Notice] MaskBins successful, Duration 0.03 seconds
MaskBins-[Notice] MaskBins successful, Duration 0.00 seconds
MaskBins-[Notice] MaskBins successful, Duration 0.01 seconds
MaskBins-[Notice] MaskBins successful, Duration 0.00 seconds
MaskBins-[Notice] MaskBins successful, Duration 0.01 seconds
MaskBins-[Notice] MaskBins successful, Duration 0.01 seconds
MaskBins-[Notice] MaskBins successful, Duration 0.01 seconds
MaskBins-[Notice] MaskBins successful, Duration 0.01 seconds
MaskBins-[Notice] MaskBins successful, Duration 0.01 seconds
MaskBins-[Notice] MaskBins successful, Duration 0.00 seconds
MaskBins-[Notice] MaskBins successful, Duration 0.08 seconds
MaskBins-[Notice] MaskBins successful, Duration 0.12 seconds
MaskBins-[Notice] MaskBins successful, Duration 0.02 seconds
MaskBins-[Notice] MaskBins successful, Duration 0.03 seconds
MaskBins-[Notice] MaskBins successful, Duration 0.00 seconds
MaskBins-[Notice] MaskBins successful, Duration 0.01 seconds
MaskBins-[Notice] MaskBins successful, Duration 0.00 seconds
MaskBins-[Notice] MaskBins successful, Duration 0.00 seconds
MaskBins-[Notice] MaskBins successful, Duration 0.00 seconds
MaskBins-[Notice] MaskBins successful, Duration 0.02 seconds
MaskBins-[Notice] MaskBins successful, Duration 0.01 seconds
MaskBins-[Notice] MaskBins successful, Duration 0.01 seconds
MaskBins-[Notice] MaskBins successful, Duration 0.02 seconds
MaskBins-[Notice] MaskBins successful, Duration 0.00 seconds
MaskBins-[Notice] MaskBins successful, Duration 0.01 seconds
MaskBins-[Notice] MaskBins successful, Duration 0.01 seconds
MaskBins-[Notice] MaskBins successful, Duration 0.01 seconds
MaskBins-[Notice] MaskBins successful, Duration 0.01 seconds
MaskBins-[Notice] MaskBins successful, Duration 0.04 seconds
MaskBins-[Notice] MaskBins successful, Duration 0.02 seconds
MaskBins-[Notice] MaskBins successful, Duration 0.02 seconds
MaskBins-[Notice] MaskBins successful, Duration 0.03 seconds
MaskBins-[Notice] MaskBins successful, Duration 0.02 seconds
MaskBins-[Notice] MaskBins successful, Duration 0.00 seconds
MaskBins-[Notice] MaskBins successful, Duration 0.01 seconds
MaskBins-[Notice] MaskBins successful, Duration 0.01 seconds
MaskBins-[Notice] MaskBins successful, Duration 0.00 seconds
MaskBins-[Notice] MaskBins successful, Duration 0.05 seconds
ConvertUnits-[Notice] ConvertUnits successful, Duration 0.09 seconds
ConvertUnits-[Notice] ConvertUnits successful, Duration 1.58 seconds
ConvertUnits-[Notice] ConvertUnits successful, Duration 1.60 seconds
DiffractionFocussing-[Notice] DiffractionFocussing successful, Duration 1.92 seconds
DiffractionFocussing-[Notice] DiffractionFocussing successful, Duration 1.31 seconds
StripPeaks-[Notice] StripPeaks successful, Duration 1.22 seconds
SmoothData-[Notice] SmoothData successful, Duration 0.45 seconds
Divide-[Notice] Divide successful, Duration 1.38 seconds
Rebin-[Notice] Rebin successful, Duration 1.38 seconds
CropWorkspaceRagged-[Notice] CropWorkspaceRagged successful, Duration 1.49 seconds
DiffractionFocussing-[Notice] DiffractionFocussing successful, Duration 1.89 seconds
DiffractionFocussing-[Notice] DiffractionFocussing successful, Duration 1.33 seconds
StripPeaks-[Notice] StripPeaks successful, Duration 1.05 seconds
SmoothData-[Notice] SmoothData successful, Duration 0.45 seconds
Divide-[Notice] Divide successful, Duration 1.25 seconds
Rebin-[Notice] Rebin successful, Duration 1.65 seconds
CropWorkspaceRagged-[Notice] CropWorkspaceRagged successful, Duration 1.36 seconds
DiffractionFocussing-[Notice] DiffractionFocussing successful, Duration 2.66 seconds
DiffractionFocussing-[Notice] DiffractionFocussing successful, Duration 1.82 seconds
StripPeaks-[Notice] StripPeaks successful, Duration 1.16 seconds
SmoothData-[Notice] SmoothData successful, Duration 0.58 seconds
Divide-[Notice] Divide successful, Duration 1.93 seconds
Rebin-[Notice] Rebin successful, Duration 1.45 seconds
CropWorkspaceRagged-[Notice] CropWorkspaceRagged successful, Duration 1.47 seconds
GroupWorkspaces-[Notice] GroupWorkspaces successful, Duration 0.00 seconds
