GetIPTS-[Notice] GetIPTS successful, Duration 0.16 seconds
GetIPTS-[Notice] GetIPTS successful, Duration 0.06 seconds
GetIPTS-[Notice] GetIPTS successful, Duration 0.08 seconds
GetIPTS-[Notice] GetIPTS successful, Duration 0.06 seconds
LoadNexus-[Notice] LoadNexus successful, Duration 26.07 seconds
CreateGroupingWorkspace-[Notice] CreateGroupingWorkspace successful, Duration 2.87 seconds
CreateGroupingWorkspace-[Notice] CreateGroupingWorkspace successful, Duration 3.24 seconds
CreateGroupingWorkspace-[Notice] CreateGroupingWorkspace successful, Duration 3.45 seconds
CreateGroupingWorkspace-[Notice] CreateGroupingWorkspace successful, Duration 1 minutes 20.82 seconds
CreateGroupingWorkspace-[Notice] CreateGroupingWorkspace successful, Duration 38.08 seconds
GroupWorkspaces-[Notice] GroupWorkspaces successful, Duration 0.00 seconds
GetIPTS-[Notice] GetIPTS successful, Duration 0.06 seconds
LoadEventNexus-[Notice] LoadEventNexus successful, Duration 11.37 seconds
NormaliseByCurrent-[Notice] NormaliseByCurrent successful, Duration 2.20 seconds
CompressEvents-[Notice] CompressEvents successful, Duration 2.49 seconds
ApplyDiffCal-[Notice] ApplyDiffCal successful, Duration 5.90 seconds
SumNeighbours-[Notice] SumNeighbours successful, Duration 5.27 seconds
CloneWorkspace-[Notice] CloneWorkspace successful, Duration 1.63 seconds
ConvertUnits-[Notice] ConvertUnits successful, Duration 0.26 seconds
MaskBins-[Notice] MaskBins successful, Duration 0.08 seconds
MaskBins-[Notice] MaskBins successful, Duration 0.00 seconds
MaskBins-[Notice] MaskBins successful, Duration 0.00 seconds
MaskBins-[Notice] MaskBins successful, Duration 0.00 seconds
MaskBins-[Notice] MaskBins successful, Duration 0.00 seconds
MaskBins-[Notice] MaskBins successful, Duration 0.00 seconds
MaskBins-[Notice] MaskBins successful, Duration 0.01 seconds
MaskBins-[Notice] MaskBins successful, Duration 0.00 seconds
MaskBins-[Notice] MaskBins successful, Duration 0.00 seconds
MaskBins-[Notice] MaskBins successful, Duration 0.00 seconds
MaskBins-[Notice] MaskBins successful, Duration 0.00 seconds
MaskBins-[Notice] MaskBins successful, Duration 0.00 seconds
MaskBins-[Notice] MaskBins successful, Duration 0.00 seconds
MaskBins-[Notice] MaskBins successful, Duration 0.00 seconds
MaskBins-[Notice] MaskBins successful, Duration 0.00 seconds
MaskBins-[Notice] MaskBins successful, Duration 0.00 seconds
MaskBins-[Notice] MaskBins successful, Duration 0.00 seconds
MaskBins-[Notice] MaskBins successful, Duration 0.00 seconds
MaskBins-[Notice] MaskBins successful, Duration 0.00 seconds
MaskBins-[Notice] MaskBins successful, Duration 0.01 seconds
MaskBins-[Notice] MaskBins successful, Duration 0.00 seconds
MaskBins-[Notice] MaskBins successful, Duration 0.00 seconds
MaskBins-[Notice] MaskBins successful, Duration 0.02 seconds
MaskBins-[Notice] MaskBins successful, Duration 0.00 seconds
MaskBins-[Notice] MaskBins successful, Duration 0.00 seconds
MaskBins-[Notice] MaskBins successful, Duration 0.00 seconds
MaskBins-[Notice] MaskBins successful, Duration 0.00 seconds
MaskBins-[Notice] MaskBins successful, Duration 0.01 seconds
MaskBins-[Notice] MaskBins successful, Duration 0.01 seconds
MaskBins-[Notice] MaskBins successful, Duration 0.01 seconds
MaskBins-[Notice] MaskBins successful, Duration 0.00 seconds
MaskBins-[Notice] MaskBins successful, Duration 0.01 seconds
MaskBins-[Notice] MaskBins successful, Duration 0.00 seconds
MaskBins-[Notice] MaskBins successful, Duration 0.01 seconds
MaskBins-[Notice] MaskBins successful, Duration 0.00 seconds
MaskBins-[Notice] MaskBins successful, Duration 0.01 seconds
MaskBins-[Notice] MaskBins successful, Duration 0.00 seconds
MaskBins-[Notice] MaskBins successful, Duration 0.00 seconds
MaskBins-[Notice] MaskBins successful, Duration 0.00 seconds
MaskBins-[Notice] MaskBins successful, Duration 0.00 seconds
MaskBins-[Notice] MaskBins successful, Duration 0.00 seconds
MaskBins-[Notice] MaskBins successful, Duration 0.00 seconds
MaskBins-[Notice] MaskBins successful, Duration 0.00 seconds
MaskBins-[Notice] MaskBins successful, Duration 0.01 seconds
MaskBins-[Notice] MaskBins successful, Duration 0.00 seconds
MaskBins-[Notice] MaskBins successful, Duration 0.00 seconds
ConvertUnits-[Notice] ConvertUnits successful, Duration 0.05 seconds
CloneWorkspace-[Notice] CloneWorkspace successful, Duration 1.17 seconds
ConvertUnits-[Notice] ConvertUnits successful, Duration 0.16 seconds
MaskBins-[Notice] MaskBins successful, Duration 0.04 seconds
MaskBins-[Notice] MaskBins successful, Duration 0.06 seconds
MaskBins-[Notice] MaskBins successful, Duration 0.05 seconds
MaskBins-[Notice] MaskBins successful, Duration 0.17 seconds
MaskBins-[Notice] MaskBins successful, Duration 0.01 seconds
MaskBins-[Notice] MaskBins successful, Duration 0.17 seconds
MaskBins-[Notice] MaskBins successful, Duration 0.01 seconds
MaskBins-[Notice] MaskBins successful, Duration 0.01 seconds
MaskBins-[Notice] MaskBins successful, Duration 0.02 seconds
MaskBins-[Notice] MaskBins successful, Duration 0.09 seconds
MaskBins-[Notice] MaskBins successful, Duration 0.04 seconds
MaskBins-[Notice] MaskBins successful, Duration 0.01 seconds
MaskBins-[Notice] MaskBins successful, Duration 0.01 seconds
MaskBins-[Notice] MaskBins successful, Duration 0.06 seconds
MaskBins-[Notice] MaskBins successful, Duration 0.02 seconds
MaskBins-[Notice] MaskBins successful, Duration 0.00 seconds
MaskBins-[Notice] MaskBins successful, Duration 0.06 seconds
MaskBins-[Notice] MaskBins successful, Duration 0.01 seconds
MaskBins-[Notice] MaskBins successful, Duration 0.08 seconds
MaskBins-[Notice] MaskBins successful, Duration 0.05 seconds
MaskBins-[Notice] MaskBins successful, Duration 0.01 seconds
MaskBins-[Notice] MaskBins successful, Duration 0.00 seconds
MaskBins-[Notice] MaskBins successful, Duration 0.01 seconds
MaskBins-[Notice] MaskBins successful, Duration 0.02 seconds
MaskBins-[Notice] MaskBins successful, Duration 0.04 seconds
MaskBins-[Notice] MaskBins successful, Duration 0.01 seconds
MaskBins-[Notice] MaskBins successful, Duration 0.00 seconds
MaskBins-[Notice] MaskBins successful, Duration 0.00 seconds
MaskBins-[Notice] MaskBins successful, Duration 0.00 seconds
MaskBins-[Notice] MaskBins successful, Duration 0.00 seconds
MaskBins-[Notice] MaskBins successful, Duration 0.00 seconds
MaskBins-[Notice] MaskBins successful, Duration 0.01 seconds
MaskBins-[Notice] MaskBins successful, Duration 0.00 seconds
MaskBins-[Notice] MaskBins successful, Duration 0.03 seconds
MaskBins-[Notice] MaskBins successful, Duration 0.00 seconds
MaskBins-[Notice] MaskBins successful, Duration 0.05 seconds
MaskBins-[Notice] MaskBins successful, Duration 0.03 seconds
MaskBins-[Notice] MaskBins successful, Duration 0.02 seconds
MaskBins-[Notice] MaskBins successful, Duration 0.00 seconds
MaskBins-[Notice] MaskBins successful, Duration 0.09 seconds
MaskBins-[Notice] MaskBins successful, Duration 0.01 seconds
MaskBins-[Notice] MaskBins successful, Duration 0.01 seconds
MaskBins-[Notice] MaskBins successful, Duration 0.00 seconds
MaskBins-[Notice] MaskBins successful, Duration 0.00 seconds
MaskBins-[Notice] MaskBins successful, Duration 0.01 seconds
MaskBins-[Notice] MaskBins successful, Duration 0.00 seconds
ConvertUnits-[Notice] ConvertUnits successful, Duration 0.08 seconds
ConvertUnits-[Notice] ConvertUnits successful, Duration 1.81 seconds
ConvertUnits-[Notice] ConvertUnits successful, Duration 1.53 seconds
DiffractionFocussing-[Notice] DiffractionFocussing successful, Duration 2.21 seconds
DiffractionFocussing-[Notice] DiffractionFocussing successful, Duration 1.25 seconds
StripPeaks-[Notice] StripPeaks successful, Duration 1.33 seconds
SmoothData-[Notice] SmoothData successful, Duration 0.46 seconds
Divide-[Notice] Divide successful, Duration 1.44 seconds
Rebin-[Notice] Rebin successful, Duration 1.68 seconds
CropWorkspaceRagged-[Notice] CropWorkspaceRagged successful, Duration 1.49 seconds
DeleteWorkspaces-[Notice] DeleteWorkspaces successful, Duration 0.00 seconds
DiffractionFocussing-[Notice] DiffractionFocussing successful, Duration 2.47 seconds
DiffractionFocussing-[Notice] DiffractionFocussing successful, Duration 1.62 seconds
StripPeaks-[Notice] StripPeaks successful, Duration 1.02 seconds
SmoothData-[Notice] SmoothData successful, Duration 0.55 seconds
Divide-[Notice] Divide successful, Duration 1.57 seconds
Rebin-[Notice] Rebin successful, Duration 1.34 seconds
CropWorkspaceRagged-[Notice] CropWorkspaceRagged successful, Duration 2.85 seconds
DeleteWorkspaces-[Notice] DeleteWorkspaces successful, Duration 0.01 seconds
DiffractionFocussing-[Notice] DiffractionFocussing successful, Duration 5.26 seconds
DiffractionFocussing-[Notice] DiffractionFocussing successful, Duration 2.93 seconds
StripPeaks-[Notice] StripPeaks successful, Duration 0.89 seconds
SmoothData-[Notice] SmoothData successful, Duration 0.52 seconds
Divide-[Notice] Divide successful, Duration 1.53 seconds
Rebin-[Notice] Rebin successful, Duration 1.25 seconds
CropWorkspaceRagged-[Notice] CropWorkspaceRagged successful, Duration 1.52 seconds
DeleteWorkspaces-[Notice] DeleteWorkspaces successful, Duration 0.00 seconds
DiffractionFocussing-[Notice] DiffractionFocussing successful, Duration 2.81 seconds
DiffractionFocussing-[Notice] DiffractionFocussing successful, Duration 1.23 seconds
StripPeaks-[Notice] StripPeaks successful, Duration 0.82 seconds
SmoothData-[Notice] SmoothData successful, Duration 0.53 seconds
Divide-[Notice] Divide successful, Duration 1.21 seconds
Rebin-[Notice] Rebin successful, Duration 1.35 seconds
CropWorkspaceRagged-[Notice] CropWorkspaceRagged successful, Duration 1.61 seconds
DeleteWorkspaces-[Notice] DeleteWorkspaces successful, Duration 0.00 seconds
DiffractionFocussing-[Notice] DiffractionFocussing successful, Duration 1.90 seconds
DiffractionFocussing-[Notice] DiffractionFocussing successful, Duration 1.23 seconds
StripPeaks-[Notice] StripPeaks successful, Duration 0.72 seconds
SmoothData-[Notice] SmoothData successful, Duration 0.38 seconds
Divide-[Notice] Divide successful, Duration 0.84 seconds
Rebin-[Notice] Rebin successful, Duration 1.39 seconds
CropWorkspaceRagged-[Notice] CropWorkspaceRagged successful, Duration 1.47 seconds
DeleteWorkspaces-[Notice] DeleteWorkspaces successful, Duration 0.00 seconds
GroupWorkspaces-[Notice] GroupWorkspaces successful, Duration 0.00 seconds
DeleteWorkspaces-[Notice] DeleteWorkspaces successful, Duration 0.00 seconds
DeleteWorkspaces-[Notice] DeleteWorkspaces successful, Duration 0.01 seconds
